<?xml version="1.0" encoding="UTF-8"?>
<!-- Generated by org.testng.reporters.JUnitXMLReporter -->
<testsuite hostname="DESKTOP-E5KOC3R" name="Default test" tests="3" failures="0" timestamp="18 Apr 2016 17:19:45 GMT" time="0.066" errors="0">
  <testcase name="testPrint" time="0.018" classname="com.testNG.GroupTest"/>
  <testcase name="testSalutationMessage" time="0.004" classname="com.testNG.GroupTest"/>
  <testcase name="testingExitMessage" time="0.004" classname="com.testNG.GroupTest"/>
</testsuite> <!-- Default test -->
