<?xml version="1.0" encoding="UTF-8"?>
<!-- Generated by org.testng.reporters.JUnitXMLReporter -->
<testsuite hostname="DESKTOP-E5KOC3R" name="Default test" tests="4" failures="0" timestamp="16 Apr 2016 14:44:25 GMT" time="0.084" errors="0">
  <testcase name="testFour" time="0.008" classname="com.test.TestTwo"/>
  <testcase name="testOne" time="0.003" classname="com.test.TestOne"/>
  <testcase name="testThree" time="0.009" classname="com.test.TestOne"/>
  <testcase name="testTwo" time="0.005" classname="com.test.TestOne"/>
</testsuite> <!-- Default test -->
