<?xml version="1.0" encoding="UTF-8"?>
<testng-results skipped="0" failed="0" total="1" passed="1">
  <reporter-output>
  </reporter-output>
  <suite name="Default suite" duration-ms="51" started-at="2016-04-19T13:24:17Z" finished-at="2016-04-19T13:24:17Z">
    <groups>
    </groups>
    <test name="Default test" duration-ms="51" started-at="2016-04-19T13:24:17Z" finished-at="2016-04-19T13:24:17Z">
      <class name="com.testNG.ParamTestWithDataProvider2">
        <test-method status="PASS" signature="testMethod(com.testNG.Bean)[pri:0, instance:com.testNG.ParamTestWithDataProvider2@13b3d787]" name="testMethod" duration-ms="16" started-at="2016-04-19T15:24:17Z" data-provider="test1" finished-at="2016-04-19T15:24:17Z">
          <params>
            <param index="0">
              <value>
                <![CDATA[com.testNG.Bean@cde55ec]]>
              </value>
            </param>
          </params>
          <reporter-output>
          </reporter-output>
        </test-method> <!-- testMethod -->
      </class> <!-- com.testNG.ParamTestWithDataProvider2 -->
    </test> <!-- Default test -->
  </suite> <!-- Default suite -->
</testng-results>
