<?xml version="1.0" encoding="UTF-8"?>
<testng-results skipped="0" failed="0" total="3" passed="3">
  <reporter-output>
  </reporter-output>
  <suite name="Default suite" duration-ms="66" started-at="2016-04-18T17:19:45Z" finished-at="2016-04-18T17:19:45Z">
    <groups>
      <group name="functest">
        <method signature="GroupTest.testPrint()[pri:0, instance:com.testNG.GroupTest@225c6110]" name="testPrint" class="com.testNG.GroupTest"/>
        <method signature="GroupTest.testingExitMessage()[pri:0, instance:com.testNG.GroupTest@225c6110]" name="testingExitMessage" class="com.testNG.GroupTest"/>
      </group> <!-- functest -->
      <group name="checkintest">
        <method signature="GroupTest.testPrint()[pri:0, instance:com.testNG.GroupTest@225c6110]" name="testPrint" class="com.testNG.GroupTest"/>
        <method signature="GroupTest.testSalutationMessage()[pri:0, instance:com.testNG.GroupTest@225c6110]" name="testSalutationMessage" class="com.testNG.GroupTest"/>
      </group> <!-- checkintest -->
    </groups>
    <test name="Default test" duration-ms="66" started-at="2016-04-18T17:19:45Z" finished-at="2016-04-18T17:19:45Z">
      <class name="com.testNG.GroupTest">
        <test-method status="PASS" signature="testPrint()[pri:0, instance:com.testNG.GroupTest@225c6110]" name="testPrint" duration-ms="18" started-at="2016-04-18T19:19:45Z" finished-at="2016-04-18T19:19:45Z">
          <reporter-output>
          </reporter-output>
        </test-method> <!-- testPrint -->
        <test-method status="PASS" signature="testSalutationMessage()[pri:0, instance:com.testNG.GroupTest@225c6110]" name="testSalutationMessage" duration-ms="4" started-at="2016-04-18T19:19:45Z" finished-at="2016-04-18T19:19:45Z">
          <reporter-output>
          </reporter-output>
        </test-method> <!-- testSalutationMessage -->
        <test-method status="PASS" signature="testingExitMessage()[pri:0, instance:com.testNG.GroupTest@225c6110]" name="testingExitMessage" duration-ms="4" started-at="2016-04-18T19:19:45Z" finished-at="2016-04-18T19:19:45Z">
          <reporter-output>
          </reporter-output>
        </test-method> <!-- testingExitMessage -->
      </class> <!-- com.testNG.GroupTest -->
    </test> <!-- Default test -->
  </suite> <!-- Default suite -->
</testng-results>
